TN:
SF:src/bubbleSort.ts
FN:14,(anonymous_0)
FNF:1
FNH:1
FNDA:6,(anonymous_0)
DA:13,1
DA:15,6
DA:16,6
DA:17,8
DA:18,15
DA:19,10
DA:20,10
DA:21,10
DA:25,6
LF:9
LH:9
BRDA:18,0,0,10
BRDA:18,0,1,5
BRF:2
BRH:2
end_of_record
TN:
SF:src/mapReduceTemplate.ts
FN:15,(anonymous_0)
FN:20,(anonymous_1)
FN:32,(anonymous_2)
FN:33,(anonymous_3)
FN:35,(anonymous_4)
FNF:5
FNH:5
FNDA:8,(anonymous_0)
FNDA:8,(anonymous_1)
FNDA:8,(anonymous_2)
FNDA:8,(anonymous_3)
FNDA:8,(anonymous_4)
DA:12,1
DA:16,8
DA:21,8
DA:22,8
DA:23,40
DA:25,8
DA:37,8
DA:39,8
DA:41,8
DA:43,8
DA:44,8
LF:11
LH:11
BRF:0
BRH:0
end_of_record
TN:
SF:src/mergeSort.ts
FN:22,(anonymous_0)
FN:42,(anonymous_1)
FNF:2
FNH:2
FNDA:22,(anonymous_0)
FNDA:8,(anonymous_1)
DA:13,1
DA:23,22
DA:24,14
DA:27,8
DA:28,8
DA:29,8
DA:31,8
DA:43,8
DA:44,8
DA:45,8
DA:47,8
DA:48,13
DA:49,3
DA:50,3
DA:52,10
DA:53,10
DA:57,8
LF:17
LH:17
BRDA:23,0,0,14
BRDA:23,0,1,8
BRDA:47,1,0,21
BRDA:47,1,1,19
BRDA:48,2,0,3
BRDA:48,2,1,10
BRF:6
BRH:6
end_of_record
TN:
SF:src/modificacion02.ts
FN:35,(anonymous_0)
FN:36,(anonymous_1)
FN:46,(anonymous_2)
FN:47,(anonymous_3)
FN:57,(anonymous_4)
FN:58,(anonymous_5)
FN:68,(anonymous_6)
FN:69,(anonymous_7)
FNF:8
FNH:8
FNDA:2,(anonymous_0)
FNDA:10,(anonymous_1)
FNDA:2,(anonymous_2)
FNDA:10,(anonymous_3)
FNDA:2,(anonymous_4)
FNDA:10,(anonymous_5)
FNDA:2,(anonymous_6)
FNDA:10,(anonymous_7)
DA:23,1
DA:34,1
DA:36,10
DA:45,1
DA:47,10
DA:56,1
DA:58,10
DA:67,1
DA:69,10
LF:9
LH:9
BRF:0
BRH:0
end_of_record
