TN:
SF:src/code/coleccionista.ts
FN:26,<instance_members_initializer>
FN:38,Coleccionista
FN:50,getId
FN:60,getNombre
FN:70,getColeccion
FN:80,guardarColeccion
FN:99,cargarColeccion
FN:139,addFunko
FN:168,modificarFunko
FN:196,eliminarFunko
FN:238,listarColeccion
FN:292,mostrarFunko
FNF:12
FNH:9
FNDA:6,<instance_members_initializer>
FNDA:6,Coleccionista
FNDA:1,getId
FNDA:1,getNombre
FNDA:4,getColeccion
FNDA:4,guardarColeccion
FNDA:0,cargarColeccion
FNDA:2,addFunko
FNDA:1,modificarFunko
FNDA:1,eliminarFunko
FNDA:0,listarColeccion
FNDA:0,mostrarFunko
DA:1,1
DA:2,1
DA:3,1
DA:4,1
DA:5,1
DA:6,1
DA:7,1
DA:8,1
DA:9,1
DA:10,1
DA:11,1
DA:12,1
DA:13,1
DA:14,1
DA:15,1
DA:16,1
DA:17,1
DA:18,1
DA:19,1
DA:20,1
DA:21,1
DA:22,1
DA:23,1
DA:24,1
DA:25,1
DA:26,6
DA:27,6
DA:28,6
DA:29,6
DA:30,6
DA:31,6
DA:32,6
DA:33,6
DA:34,6
DA:35,6
DA:36,6
DA:37,6
DA:38,6
DA:39,6
DA:40,6
DA:41,6
DA:42,6
DA:43,6
DA:44,6
DA:45,6
DA:46,6
DA:47,6
DA:48,6
DA:49,6
DA:50,6
DA:51,1
DA:52,1
DA:53,6
DA:54,6
DA:55,6
DA:56,6
DA:57,6
DA:58,6
DA:59,6
DA:60,6
DA:61,1
DA:62,1
DA:63,6
DA:64,6
DA:65,6
DA:66,6
DA:67,6
DA:68,6
DA:69,6
DA:70,6
DA:71,4
DA:72,4
DA:73,6
DA:74,6
DA:75,6
DA:76,6
DA:77,6
DA:78,6
DA:79,6
DA:80,6
DA:81,4
DA:82,4
DA:83,0
DA:84,0
DA:85,4
DA:86,4
DA:87,4
DA:88,4
DA:89,4
DA:90,4
DA:91,4
DA:92,6
DA:93,6
DA:94,6
DA:95,6
DA:96,6
DA:97,6
DA:98,6
DA:99,6
DA:100,0
DA:101,0
DA:102,0
DA:103,0
DA:104,0
DA:105,0
DA:106,0
DA:107,0
DA:108,0
DA:109,0
DA:110,0
DA:111,0
DA:112,0
DA:113,0
DA:114,0
DA:115,0
DA:116,0
DA:117,0
DA:118,0
DA:119,0
DA:120,0
DA:121,0
DA:122,0
DA:123,0
DA:124,0
DA:125,0
DA:126,0
DA:127,0
DA:128,0
DA:129,0
DA:130,0
DA:131,6
DA:132,6
DA:133,6
DA:134,6
DA:135,6
DA:136,6
DA:137,6
DA:138,6
DA:139,6
DA:140,2
DA:141,1
DA:142,1
DA:143,1
DA:144,0
DA:145,0
DA:146,2
DA:147,2
DA:148,2
DA:149,1
DA:150,1
DA:151,1
DA:152,1
DA:153,1
DA:154,1
DA:155,1
DA:156,1
DA:157,1
DA:158,2
DA:159,2
DA:160,6
DA:161,6
DA:162,6
DA:163,6
DA:164,6
DA:165,6
DA:166,6
DA:167,6
DA:168,6
DA:169,1
DA:170,1
DA:171,1
DA:172,1
DA:173,1
DA:174,1
DA:175,1
DA:176,1
DA:177,1
DA:178,1
DA:179,0
DA:180,0
DA:181,0
DA:182,0
DA:183,0
DA:184,1
DA:185,1
DA:186,1
DA:187,1
DA:188,6
DA:189,6
DA:190,6
DA:191,6
DA:192,6
DA:193,6
DA:194,6
DA:195,6
DA:196,6
DA:197,1
DA:198,1
DA:199,1
DA:200,1
DA:201,1
DA:202,1
DA:203,1
DA:204,1
DA:205,1
DA:206,1
DA:207,1
DA:208,1
DA:209,1
DA:210,1
DA:211,0
DA:212,1
DA:213,1
DA:214,1
DA:215,1
DA:216,1
DA:217,1
DA:218,1
DA:219,1
DA:220,1
DA:221,1
DA:222,1
DA:223,1
DA:224,1
DA:225,0
DA:226,0
DA:227,1
DA:228,1
DA:229,1
DA:230,1
DA:231,6
DA:232,6
DA:233,6
DA:234,6
DA:235,6
DA:236,6
DA:237,6
DA:238,6
DA:239,0
DA:240,0
DA:241,0
DA:242,0
DA:243,0
DA:244,0
DA:245,0
DA:246,0
DA:247,0
DA:248,0
DA:249,0
DA:250,0
DA:251,0
DA:252,0
DA:253,0
DA:254,0
DA:255,0
DA:256,0
DA:257,0
DA:258,0
DA:259,0
DA:260,0
DA:261,0
DA:262,0
DA:263,0
DA:264,0
DA:265,0
DA:266,0
DA:267,0
DA:268,0
DA:269,0
DA:270,0
DA:271,0
DA:272,0
DA:273,0
DA:274,0
DA:275,0
DA:276,0
DA:277,0
DA:278,0
DA:279,0
DA:280,0
DA:281,0
DA:282,0
DA:283,0
DA:284,6
DA:285,6
DA:286,6
DA:287,6
DA:288,6
DA:289,6
DA:290,6
DA:291,6
DA:292,6
DA:293,0
DA:294,0
DA:295,0
DA:296,0
DA:297,0
DA:298,0
DA:299,0
DA:300,0
DA:301,0
DA:302,0
DA:303,0
DA:304,0
DA:305,0
DA:306,0
DA:307,0
DA:308,0
DA:309,0
DA:310,0
DA:311,0
DA:312,0
DA:313,0
DA:314,0
DA:315,0
DA:316,0
DA:317,0
DA:318,0
DA:319,0
DA:320,0
DA:321,0
DA:322,0
DA:323,0
DA:324,0
DA:325,0
DA:326,0
DA:327,0
DA:328,0
DA:329,0
DA:330,0
DA:331,0
DA:332,0
DA:333,0
DA:334,0
DA:335,0
DA:336,0
DA:337,0
DA:338,6
DA:339,1
DA:340,1
LF:340
LH:207
BRDA:26,0,0,6
BRDA:38,1,0,6
BRDA:50,2,0,1
BRDA:60,3,0,1
BRDA:70,4,0,4
BRDA:80,5,0,4
BRDA:82,6,0,0
BRDA:86,7,0,4
BRDA:139,8,0,2
BRDA:148,9,0,1
BRDA:140,10,0,1
BRDA:143,11,0,0
BRDA:168,12,0,1
BRDA:178,13,0,0
BRDA:171,14,0,1
BRDA:196,15,0,1
BRDA:210,16,0,0
BRDA:224,17,0,0
BRF:18
BRH:13
end_of_record
TN:
SF:src/code/funko.ts
FN:37,<instance_members_initializer>
FN:62,Funko
FN:90,getId
FN:98,getName
FN:106,getDescription
FN:114,getType
FN:122,getGenre
FN:130,getFranchise
FN:138,getNumber
FN:146,isExclusive
FN:154,getSpecialFeatures
FN:162,getMarketValue
FNF:12
FNH:12
FNDA:8,<instance_members_initializer>
FNDA:8,Funko
FNDA:16,getId
FNDA:1,getName
FNDA:1,getDescription
FNDA:1,getType
FNDA:1,getGenre
FNDA:1,getFranchise
FNDA:1,getNumber
FNDA:1,isExclusive
FNDA:1,getSpecialFeatures
FNDA:1,getMarketValue
DA:1,1
DA:2,1
DA:3,1
DA:4,1
DA:5,1
DA:6,1
DA:7,1
DA:8,1
DA:9,1
DA:10,1
DA:11,1
DA:12,1
DA:13,1
DA:14,1
DA:15,1
DA:16,1
DA:17,1
DA:18,1
DA:19,1
DA:20,1
DA:21,1
DA:22,1
DA:23,1
DA:24,1
DA:25,1
DA:26,1
DA:27,1
DA:28,1
DA:29,1
DA:30,1
DA:31,1
DA:32,1
DA:33,1
DA:34,1
DA:35,1
DA:36,1
DA:37,8
DA:38,8
DA:39,8
DA:40,8
DA:41,8
DA:42,8
DA:43,8
DA:44,8
DA:45,8
DA:46,8
DA:47,8
DA:48,8
DA:49,8
DA:50,8
DA:51,8
DA:52,8
DA:53,8
DA:54,8
DA:55,8
DA:56,8
DA:57,8
DA:58,8
DA:59,8
DA:60,8
DA:61,8
DA:62,8
DA:63,8
DA:64,8
DA:65,8
DA:66,8
DA:67,8
DA:68,8
DA:69,8
DA:70,8
DA:71,8
DA:72,8
DA:73,8
DA:74,8
DA:75,8
DA:76,8
DA:77,8
DA:78,8
DA:79,8
DA:80,8
DA:81,8
DA:82,8
DA:83,8
DA:84,8
DA:85,8
DA:86,8
DA:87,8
DA:88,8
DA:89,8
DA:90,8
DA:91,16
DA:92,16
DA:93,8
DA:94,8
DA:95,8
DA:96,8
DA:97,8
DA:98,8
DA:99,1
DA:100,1
DA:101,8
DA:102,8
DA:103,8
DA:104,8
DA:105,8
DA:106,8
DA:107,1
DA:108,1
DA:109,8
DA:110,8
DA:111,8
DA:112,8
DA:113,8
DA:114,8
DA:115,1
DA:116,1
DA:117,8
DA:118,8
DA:119,8
DA:120,8
DA:121,8
DA:122,8
DA:123,1
DA:124,1
DA:125,8
DA:126,8
DA:127,8
DA:128,8
DA:129,8
DA:130,8
DA:131,1
DA:132,1
DA:133,8
DA:134,8
DA:135,8
DA:136,8
DA:137,8
DA:138,8
DA:139,1
DA:140,1
DA:141,8
DA:142,8
DA:143,8
DA:144,8
DA:145,8
DA:146,8
DA:147,1
DA:148,1
DA:149,8
DA:150,8
DA:151,8
DA:152,8
DA:153,8
DA:154,8
DA:155,1
DA:156,1
DA:157,8
DA:158,8
DA:159,8
DA:160,8
DA:161,8
DA:162,8
DA:163,1
DA:164,1
DA:165,8
DA:166,1
DA:167,1
LF:167
LH:167
BRDA:4,0,0,1
BRDA:14,1,0,1
BRDA:37,2,0,8
BRDA:62,3,0,8
BRDA:90,4,0,16
BRDA:98,5,0,1
BRDA:106,6,0,1
BRDA:114,7,0,1
BRDA:122,8,0,1
BRDA:130,9,0,1
BRDA:138,10,0,1
BRDA:146,11,0,1
BRDA:154,12,0,1
BRDA:162,13,0,1
BRF:14
BRH:14
end_of_record
TN:
SF:src/modifications/bubbleSort.ts
FN:14,sort
FNF:1
FNH:1
FNDA:6,sort
DA:1,1
DA:2,1
DA:3,1
DA:4,1
DA:5,1
DA:6,1
DA:7,1
DA:8,1
DA:9,1
DA:10,1
DA:11,1
DA:12,1
DA:13,1
DA:14,1
DA:15,6
DA:16,6
DA:17,8
DA:18,15
DA:19,10
DA:20,10
DA:21,10
DA:22,10
DA:23,15
DA:24,8
DA:25,6
DA:26,6
DA:27,1
LF:27
LH:27
BRDA:14,0,0,6
BRDA:16,1,0,8
BRDA:17,2,0,15
BRDA:18,3,0,10
BRF:4
BRH:4
end_of_record
TN:
SF:src/modifications/mapReduceTemplate.ts
FN:12,<instance_members_initializer>
FN:15,MapReduceTemplate
FN:20,map
FN:32,beforeMap
FN:33,afterReduce
FN:35,execute
FNF:6
FNH:6
FNDA:8,<instance_members_initializer>
FNDA:8,MapReduceTemplate
FNDA:8,map
FNDA:8,beforeMap
FNDA:8,afterReduce
FNDA:8,execute
DA:1,1
DA:2,1
DA:3,1
DA:4,1
DA:5,1
DA:6,1
DA:7,1
DA:8,1
DA:9,1
DA:10,1
DA:11,1
DA:12,8
DA:13,8
DA:14,8
DA:15,8
DA:16,8
DA:17,8
DA:18,8
DA:19,8
DA:20,8
DA:21,8
DA:22,8
DA:23,40
DA:24,40
DA:25,8
DA:26,8
DA:27,8
DA:28,8
DA:29,8
DA:30,8
DA:31,8
DA:32,8
DA:33,8
DA:34,8
DA:35,8
DA:36,8
DA:37,8
DA:38,8
DA:39,8
DA:40,8
DA:41,8
DA:42,8
DA:43,8
DA:44,8
DA:45,8
DA:46,8
LF:46
LH:46
BRDA:12,0,0,8
BRDA:15,1,0,8
BRDA:20,2,0,8
BRDA:22,3,0,40
BRDA:32,4,0,8
BRDA:33,5,0,8
BRDA:35,6,0,8
BRF:7
BRH:7
end_of_record
TN:
SF:src/modifications/mergeSort.ts
FN:21,sort
FN:41,merge
FNF:2
FNH:2
FNDA:22,sort
FNDA:8,merge
DA:1,1
DA:2,1
DA:3,1
DA:4,1
DA:5,1
DA:6,1
DA:7,1
DA:8,1
DA:9,1
DA:10,1
DA:11,1
DA:12,1
DA:13,1
DA:14,1
DA:15,1
DA:16,1
DA:17,1
DA:18,1
DA:19,1
DA:20,1
DA:21,1
DA:22,22
DA:23,14
DA:24,14
DA:25,8
DA:26,8
DA:27,8
DA:28,8
DA:29,8
DA:30,8
DA:31,8
DA:32,1
DA:33,1
DA:34,1
DA:35,1
DA:36,1
DA:37,1
DA:38,1
DA:39,1
DA:40,1
DA:41,1
DA:42,8
DA:43,8
DA:44,8
DA:45,8
DA:46,8
DA:47,13
DA:48,3
DA:49,3
DA:50,13
DA:51,10
DA:52,10
DA:53,10
DA:54,13
DA:55,8
DA:56,8
DA:57,8
DA:58,1
LF:58
LH:58
BRDA:21,0,0,22
BRDA:22,1,0,14
BRDA:25,2,0,8
BRDA:41,3,0,8
BRDA:46,4,0,19
BRDA:46,5,0,13
BRDA:47,6,0,3
BRDA:50,7,0,10
BRF:8
BRH:8
end_of_record
TN:
SF:src/modifications/modificacion02.ts
FN:35,reduce
FN:46,reduce
FN:57,reduce
FN:68,reduce
FNF:4
FNH:4
FNDA:2,reduce
FNDA:2,reduce
FNDA:2,reduce
FNDA:2,reduce
DA:1,1
DA:2,1
DA:3,1
DA:4,1
DA:5,1
DA:6,1
DA:7,1
DA:8,1
DA:9,1
DA:10,1
DA:11,1
DA:12,1
DA:13,1
DA:14,1
DA:15,1
DA:16,1
DA:17,1
DA:18,1
DA:19,1
DA:20,1
DA:21,1
DA:22,1
DA:23,1
DA:24,1
DA:25,1
DA:26,1
DA:27,1
DA:28,1
DA:29,1
DA:30,1
DA:31,1
DA:32,1
DA:33,1
DA:34,1
DA:35,1
DA:36,2
DA:37,2
DA:38,1
DA:39,1
DA:40,1
DA:41,1
DA:42,1
DA:43,1
DA:44,1
DA:45,1
DA:46,1
DA:47,2
DA:48,2
DA:49,1
DA:50,1
DA:51,1
DA:52,1
DA:53,1
DA:54,1
DA:55,1
DA:56,1
DA:57,1
DA:58,2
DA:59,2
DA:60,1
DA:61,1
DA:62,1
DA:63,1
DA:64,1
DA:65,1
DA:66,1
DA:67,1
DA:68,1
DA:69,2
DA:70,2
DA:71,1
DA:72,1
DA:73,1
DA:74,1
DA:75,1
DA:76,1
DA:77,1
DA:78,1
DA:79,1
LF:79
LH:79
BRDA:35,0,0,2
BRDA:36,1,0,10
BRDA:46,2,0,2
BRDA:47,3,0,10
BRDA:57,4,0,2
BRDA:58,5,0,10
BRDA:68,6,0,2
BRDA:69,7,0,10
BRF:8
BRH:8
end_of_record
